[2014-10-09 12:33:02] local.ERROR: exception 'ErrorException' with message 'Missing argument 1 for Illuminate\Routing\Router::get(), called in C:\Users\Bart\Documents\NetBeansProjects\IPRO_manager\vendor\laravel\framework\src\Illuminate\Support\Facades\Facade.php on line 205 and defined' in C:\Users\Bart\Documents\NetBeansProjects\IPRO_manager\vendor\laravel\framework\src\Illuminate\Routing\Router.php:143
Stack trace:
#0 C:\Users\Bart\Documents\NetBeansProjects\IPRO_manager\vendor\laravel\framework\src\Illuminate\Routing\Router.php(143): Illuminate\Exception\Handler->handleError(2, 'Missing argumen...', 'C:\Users\Bart\D...', 143, Array)
#1 C:\Users\Bart\Documents\NetBeansProjects\IPRO_manager\vendor\laravel\framework\src\Illuminate\Support\Facades\Facade.php(205): Illuminate\Routing\Router->get()
#2 C:\Users\Bart\Documents\NetBeansProjects\IPRO_manager\app\routes.php(94): Illuminate\Support\Facades\Facade::__callStatic('get', Array)
#3 C:\Users\Bart\Documents\NetBeansProjects\IPRO_manager\app\routes.php(94): Illuminate\Support\Facades\Route::get()
#4 [internal function]: {closure}(Object(Illuminate\Routing\Router))
#5 C:\Users\Bart\Documents\NetBeansProjects\IPRO_manager\vendor\laravel\framework\src\Illuminate\Routing\Router.php(691): call_user_func(Object(Closure), Object(Illuminate\Routing\Router))
#6 C:\Users\Bart\Documents\NetBeansProjects\IPRO_manager\vendor\laravel\framework\src\Illuminate\Support\Facades\Facade.php(211): Illuminate\Routing\Router->group(Array, Object(Closure))
#7 C:\Users\Bart\Documents\NetBeansProjects\IPRO_manager\app\routes.php(95): Illuminate\Support\Facades\Facade::__callStatic('group', Array)
#8 C:\Users\Bart\Documents\NetBeansProjects\IPRO_manager\app\routes.php(95): Illuminate\Support\Facades\Route::group(Array, Object(Closure))
#9 [internal function]: {closure}(Object(Illuminate\Routing\Router))
#10 C:\Users\Bart\Documents\NetBeansProjects\IPRO_manager\vendor\laravel\framework\src\Illuminate\Routing\Router.php(691): call_user_func(Object(Closure), Object(Illuminate\Routing\Router))
#11 C:\Users\Bart\Documents\NetBeansProjects\IPRO_manager\vendor\laravel\framework\src\Illuminate\Support\Facades\Facade.php(211): Illuminate\Routing\Router->group(Array, Object(Closure))
#12 C:\Users\Bart\Documents\NetBeansProjects\IPRO_manager\app\routes.php(96): Illuminate\Support\Facades\Facade::__callStatic('group', Array)
#13 C:\Users\Bart\Documents\NetBeansProjects\IPRO_manager\app\routes.php(96): Illuminate\Support\Facades\Route::group(Array, Object(Closure))
#14 [internal function]: {closure}(Object(Illuminate\Routing\Router))
#15 C:\Users\Bart\Documents\NetBeansProjects\IPRO_manager\vendor\laravel\framework\src\Illuminate\Routing\Router.php(691): call_user_func(Object(Closure), Object(Illuminate\Routing\Router))
#16 C:\Users\Bart\Documents\NetBeansProjects\IPRO_manager\vendor\laravel\framework\src\Illuminate\Support\Facades\Facade.php(211): Illuminate\Routing\Router->group(Array, Object(Closure))
#17 C:\Users\Bart\Documents\NetBeansProjects\IPRO_manager\app\routes.php(102): Illuminate\Support\Facades\Facade::__callStatic('group', Array)
#18 C:\Users\Bart\Documents\NetBeansProjects\IPRO_manager\app\routes.php(102): Illuminate\Support\Facades\Route::group(Array, Object(Closure))
#19 C:\Users\Bart\Documents\NetBeansProjects\IPRO_manager\vendor\laravel\framework\src\Illuminate\Foundation\start.php(269): require('C:\Users\Bart\D...')
#20 [internal function]: {closure}(Object(Illuminate\Foundation\Application))
#21 C:\Users\Bart\Documents\NetBeansProjects\IPRO_manager\vendor\laravel\framework\src\Illuminate\Foundation\Application.php(831): call_user_func(Object(Closure), Object(Illuminate\Foundation\Application))
#22 C:\Users\Bart\Documents\NetBeansProjects\IPRO_manager\vendor\laravel\framework\src\Illuminate\Foundation\Application.php(605): Illuminate\Foundation\Application->fireAppCallbacks(Array)
#23 C:\Users\Bart\Documents\NetBeansProjects\IPRO_manager\vendor\laravel\framework\src\Illuminate\Foundation\Application.php(588): Illuminate\Foundation\Application->bootApplication()
#24 C:\Users\Bart\Documents\NetBeansProjects\IPRO_manager\vendor\laravel\framework\src\Illuminate\Console\Application.php(44): Illuminate\Foundation\Application->boot()
#25 C:\Users\Bart\Documents\NetBeansProjects\IPRO_manager\vendor\laravel\framework\src\Illuminate\Console\Application.php(33): Illuminate\Console\Application::make(Object(Illuminate\Foundation\Application))
#26 C:\Users\Bart\Documents\NetBeansProjects\IPRO_manager\artisan(46): Illuminate\Console\Application::start(Object(Illuminate\Foundation\Application))
#27 {main} [] []
[2014-10-09 12:55:01] local.ERROR: exception 'PDOException' with message 'SQLSTATE[42000]: Syntax error or access violation: 1064 You have an error in your SQL syntax; check the manual that corresponds to your MySQL server version for the right syntax to use near ')' at line 1' in C:\Users\Bart\Documents\NetBeansProjects\IPRO_manager\vendor\laravel\framework\src\Illuminate\Database\Connection.php:344
Stack trace:
#0 C:\Users\Bart\Documents\NetBeansProjects\IPRO_manager\vendor\laravel\framework\src\Illuminate\Database\Connection.php(344): PDO->prepare('alter table `re...')
#1 C:\Users\Bart\Documents\NetBeansProjects\IPRO_manager\vendor\laravel\framework\src\Illuminate\Database\Connection.php(592): Illuminate\Database\Connection->Illuminate\Database\{closure}(Object(Illuminate\Database\MySqlConnection), 'alter table `re...', Array)
#2 C:\Users\Bart\Documents\NetBeansProjects\IPRO_manager\vendor\laravel\framework\src\Illuminate\Database\Connection.php(556): Illuminate\Database\Connection->runQueryCallback('alter table `re...', Array, Object(Closure))
#3 C:\Users\Bart\Documents\NetBeansProjects\IPRO_manager\vendor\laravel\framework\src\Illuminate\Database\Connection.php(345): Illuminate\Database\Connection->run('alter table `re...', Array, Object(Closure))
#4 C:\Users\Bart\Documents\NetBeansProjects\IPRO_manager\vendor\laravel\framework\src\Illuminate\Database\Schema\Blueprint.php(63): Illuminate\Database\Connection->statement('alter table `re...')
#5 C:\Users\Bart\Documents\NetBeansProjects\IPRO_manager\vendor\laravel\framework\src\Illuminate\Database\Schema\Builder.php(169): Illuminate\Database\Schema\Blueprint->build(Object(Illuminate\Database\MySqlConnection), Object(Illuminate\Database\Schema\Grammars\MySqlGrammar))
#6 C:\Users\Bart\Documents\NetBeansProjects\IPRO_manager\vendor\laravel\framework\src\Illuminate\Database\Schema\Builder.php(112): Illuminate\Database\Schema\Builder->build(Object(Illuminate\Database\Schema\Blueprint))
#7 C:\Users\Bart\Documents\NetBeansProjects\IPRO_manager\vendor\laravel\framework\src\Illuminate\Support\Facades\Facade.php(211): Illuminate\Database\Schema\Builder->create('registration', Object(Closure))
#8 C:\Users\Bart\Documents\NetBeansProjects\IPRO_manager\app\database\migrations\2014_10_09_123417_create_registration_tbl.php(27): Illuminate\Support\Facades\Facade::__callStatic('create', Array)
#9 C:\Users\Bart\Documents\NetBeansProjects\IPRO_manager\app\database\migrations\2014_10_09_123417_create_registration_tbl.php(27): Illuminate\Support\Facades\Schema::create('registration', Object(Closure))
#10 C:\Users\Bart\Documents\NetBeansProjects\IPRO_manager\vendor\laravel\framework\src\Illuminate\Database\Migrations\Migrator.php(133): CreateRegistrationTbl->up()
#11 C:\Users\Bart\Documents\NetBeansProjects\IPRO_manager\vendor\laravel\framework\src\Illuminate\Database\Migrations\Migrator.php(109): Illuminate\Database\Migrations\Migrator->runUp('2014_10_09_1234...', 6, false)
#12 C:\Users\Bart\Documents\NetBeansProjects\IPRO_manager\vendor\laravel\framework\src\Illuminate\Database\Migrations\Migrator.php(80): Illuminate\Database\Migrations\Migrator->runMigrationList(Array, false)
#13 C:\Users\Bart\Documents\NetBeansProjects\IPRO_manager\vendor\laravel\framework\src\Illuminate\Database\Console\Migrations\MigrateCommand.php(70): Illuminate\Database\Migrations\Migrator->run('C:\Users\Bart\D...', false)
#14 C:\Users\Bart\Documents\NetBeansProjects\IPRO_manager\vendor\laravel\framework\src\Illuminate\Console\Command.php(112): Illuminate\Database\Console\Migrations\MigrateCommand->fire()
#15 C:\Users\Bart\Documents\NetBeansProjects\IPRO_manager\vendor\symfony\console\Symfony\Component\Console\Command\Command.php(252): Illuminate\Console\Command->execute(Object(Symfony\Component\Console\Input\ArgvInput), Object(Symfony\Component\Console\Output\ConsoleOutput))
#16 C:\Users\Bart\Documents\NetBeansProjects\IPRO_manager\vendor\laravel\framework\src\Illuminate\Console\Command.php(100): Symfony\Component\Console\Command\Command->run(Object(Symfony\Component\Console\Input\ArgvInput), Object(Symfony\Component\Console\Output\ConsoleOutput))
#17 C:\Users\Bart\Documents\NetBeansProjects\IPRO_manager\vendor\symfony\console\Symfony\Component\Console\Application.php(889): Illuminate\Console\Command->run(Object(Symfony\Component\Console\Input\ArgvInput), Object(Symfony\Component\Console\Output\ConsoleOutput))
#18 C:\Users\Bart\Documents\NetBeansProjects\IPRO_manager\vendor\symfony\console\Symfony\Component\Console\Application.php(193): Symfony\Component\Console\Application->doRunCommand(Object(Illuminate\Database\Console\Migrations\MigrateCommand), Object(Symfony\Component\Console\Input\ArgvInput), Object(Symfony\Component\Console\Output\ConsoleOutput))
#19 C:\Users\Bart\Documents\NetBeansProjects\IPRO_manager\vendor\symfony\console\Symfony\Component\Console\Application.php(124): Symfony\Component\Console\Application->doRun(Object(Symfony\Component\Console\Input\ArgvInput), Object(Symfony\Component\Console\Output\ConsoleOutput))
#20 C:\Users\Bart\Documents\NetBeansProjects\IPRO_manager\artisan(59): Symfony\Component\Console\Application->run()
#21 {main}

Next exception 'Illuminate\Database\QueryException' with message 'SQLSTATE[42000]: Syntax error or access violation: 1064 You have an error in your SQL syntax; check the manual that corresponds to your MySQL server version for the right syntax to use near ')' at line 1 (SQL: alter table `registration` add constraint registration_registrant_foreign foreign key (`registrant`) references `registants` ())' in C:\Users\Bart\Documents\NetBeansProjects\IPRO_manager\vendor\laravel\framework\src\Illuminate\Database\Connection.php:600
Stack trace:
#0 C:\Users\Bart\Documents\NetBeansProjects\IPRO_manager\vendor\laravel\framework\src\Illuminate\Database\Connection.php(556): Illuminate\Database\Connection->runQueryCallback('alter table `re...', Array, Object(Closure))
#1 C:\Users\Bart\Documents\NetBeansProjects\IPRO_manager\vendor\laravel\framework\src\Illuminate\Database\Connection.php(345): Illuminate\Database\Connection->run('alter table `re...', Array, Object(Closure))
#2 C:\Users\Bart\Documents\NetBeansProjects\IPRO_manager\vendor\laravel\framework\src\Illuminate\Database\Schema\Blueprint.php(63): Illuminate\Database\Connection->statement('alter table `re...')
#3 C:\Users\Bart\Documents\NetBeansProjects\IPRO_manager\vendor\laravel\framework\src\Illuminate\Database\Schema\Builder.php(169): Illuminate\Database\Schema\Blueprint->build(Object(Illuminate\Database\MySqlConnection), Object(Illuminate\Database\Schema\Grammars\MySqlGrammar))
#4 C:\Users\Bart\Documents\NetBeansProjects\IPRO_manager\vendor\laravel\framework\src\Illuminate\Database\Schema\Builder.php(112): Illuminate\Database\Schema\Builder->build(Object(Illuminate\Database\Schema\Blueprint))
#5 C:\Users\Bart\Documents\NetBeansProjects\IPRO_manager\vendor\laravel\framework\src\Illuminate\Support\Facades\Facade.php(211): Illuminate\Database\Schema\Builder->create('registration', Object(Closure))
#6 C:\Users\Bart\Documents\NetBeansProjects\IPRO_manager\app\database\migrations\2014_10_09_123417_create_registration_tbl.php(27): Illuminate\Support\Facades\Facade::__callStatic('create', Array)
#7 C:\Users\Bart\Documents\NetBeansProjects\IPRO_manager\app\database\migrations\2014_10_09_123417_create_registration_tbl.php(27): Illuminate\Support\Facades\Schema::create('registration', Object(Closure))
#8 C:\Users\Bart\Documents\NetBeansProjects\IPRO_manager\vendor\laravel\framework\src\Illuminate\Database\Migrations\Migrator.php(133): CreateRegistrationTbl->up()
#9 C:\Users\Bart\Documents\NetBeansProjects\IPRO_manager\vendor\laravel\framework\src\Illuminate\Database\Migrations\Migrator.php(109): Illuminate\Database\Migrations\Migrator->runUp('2014_10_09_1234...', 6, false)
#10 C:\Users\Bart\Documents\NetBeansProjects\IPRO_manager\vendor\laravel\framework\src\Illuminate\Database\Migrations\Migrator.php(80): Illuminate\Database\Migrations\Migrator->runMigrationList(Array, false)
#11 C:\Users\Bart\Documents\NetBeansProjects\IPRO_manager\vendor\laravel\framework\src\Illuminate\Database\Console\Migrations\MigrateCommand.php(70): Illuminate\Database\Migrations\Migrator->run('C:\Users\Bart\D...', false)
#12 C:\Users\Bart\Documents\NetBeansProjects\IPRO_manager\vendor\laravel\framework\src\Illuminate\Console\Command.php(112): Illuminate\Database\Console\Migrations\MigrateCommand->fire()
#13 C:\Users\Bart\Documents\NetBeansProjects\IPRO_manager\vendor\symfony\console\Symfony\Component\Console\Command\Command.php(252): Illuminate\Console\Command->execute(Object(Symfony\Component\Console\Input\ArgvInput), Object(Symfony\Component\Console\Output\ConsoleOutput))
#14 C:\Users\Bart\Documents\NetBeansProjects\IPRO_manager\vendor\laravel\framework\src\Illuminate\Console\Command.php(100): Symfony\Component\Console\Command\Command->run(Object(Symfony\Component\Console\Input\ArgvInput), Object(Symfony\Component\Console\Output\ConsoleOutput))
#15 C:\Users\Bart\Documents\NetBeansProjects\IPRO_manager\vendor\symfony\console\Symfony\Component\Console\Application.php(889): Illuminate\Console\Command->run(Object(Symfony\Component\Console\Input\ArgvInput), Object(Symfony\Component\Console\Output\ConsoleOutput))
#16 C:\Users\Bart\Documents\NetBeansProjects\IPRO_manager\vendor\symfony\console\Symfony\Component\Console\Application.php(193): Symfony\Component\Console\Application->doRunCommand(Object(Illuminate\Database\Console\Migrations\MigrateCommand), Object(Symfony\Component\Console\Input\ArgvInput), Object(Symfony\Component\Console\Output\ConsoleOutput))
#17 C:\Users\Bart\Documents\NetBeansProjects\IPRO_manager\vendor\symfony\console\Symfony\Component\Console\Application.php(124): Symfony\Component\Console\Application->doRun(Object(Symfony\Component\Console\Input\ArgvInput), Object(Symfony\Component\Console\Output\ConsoleOutput))
#18 C:\Users\Bart\Documents\NetBeansProjects\IPRO_manager\artisan(59): Symfony\Component\Console\Application->run()
#19 {main} [] []
[2014-10-09 12:56:44] local.ERROR: exception 'PDOException' with message 'SQLSTATE[42S01]: Base table or view already exists: 1050 Table 'registration' already exists' in C:\Users\Bart\Documents\NetBeansProjects\IPRO_manager\vendor\laravel\framework\src\Illuminate\Database\Connection.php:344
Stack trace:
#0 C:\Users\Bart\Documents\NetBeansProjects\IPRO_manager\vendor\laravel\framework\src\Illuminate\Database\Connection.php(344): PDOStatement->execute(Array)
#1 C:\Users\Bart\Documents\NetBeansProjects\IPRO_manager\vendor\laravel\framework\src\Illuminate\Database\Connection.php(592): Illuminate\Database\Connection->Illuminate\Database\{closure}(Object(Illuminate\Database\MySqlConnection), 'create table `r...', Array)
#2 C:\Users\Bart\Documents\NetBeansProjects\IPRO_manager\vendor\laravel\framework\src\Illuminate\Database\Connection.php(556): Illuminate\Database\Connection->runQueryCallback('create table `r...', Array, Object(Closure))
#3 C:\Users\Bart\Documents\NetBeansProjects\IPRO_manager\vendor\laravel\framework\src\Illuminate\Database\Connection.php(345): Illuminate\Database\Connection->run('create table `r...', Array, Object(Closure))
#4 C:\Users\Bart\Documents\NetBeansProjects\IPRO_manager\vendor\laravel\framework\src\Illuminate\Database\Schema\Blueprint.php(63): Illuminate\Database\Connection->statement('create table `r...')
#5 C:\Users\Bart\Documents\NetBeansProjects\IPRO_manager\vendor\laravel\framework\src\Illuminate\Database\Schema\Builder.php(169): Illuminate\Database\Schema\Blueprint->build(Object(Illuminate\Database\MySqlConnection), Object(Illuminate\Database\Schema\Grammars\MySqlGrammar))
#6 C:\Users\Bart\Documents\NetBeansProjects\IPRO_manager\vendor\laravel\framework\src\Illuminate\Database\Schema\Builder.php(112): Illuminate\Database\Schema\Builder->build(Object(Illuminate\Database\Schema\Blueprint))
#7 C:\Users\Bart\Documents\NetBeansProjects\IPRO_manager\vendor\laravel\framework\src\Illuminate\Support\Facades\Facade.php(211): Illuminate\Database\Schema\Builder->create('registration', Object(Closure))
#8 C:\Users\Bart\Documents\NetBeansProjects\IPRO_manager\app\database\migrations\2014_10_09_123417_create_registration_tbl.php(27): Illuminate\Support\Facades\Facade::__callStatic('create', Array)
#9 C:\Users\Bart\Documents\NetBeansProjects\IPRO_manager\app\database\migrations\2014_10_09_123417_create_registration_tbl.php(27): Illuminate\Support\Facades\Schema::create('registration', Object(Closure))
#10 C:\Users\Bart\Documents\NetBeansProjects\IPRO_manager\vendor\laravel\framework\src\Illuminate\Database\Migrations\Migrator.php(133): CreateRegistrationTbl->up()
#11 C:\Users\Bart\Documents\NetBeansProjects\IPRO_manager\vendor\laravel\framework\src\Illuminate\Database\Migrations\Migrator.php(109): Illuminate\Database\Migrations\Migrator->runUp('2014_10_09_1234...', 7, false)
#12 C:\Users\Bart\Documents\NetBeansProjects\IPRO_manager\vendor\laravel\framework\src\Illuminate\Database\Migrations\Migrator.php(80): Illuminate\Database\Migrations\Migrator->runMigrationList(Array, false)
#13 C:\Users\Bart\Documents\NetBeansProjects\IPRO_manager\vendor\laravel\framework\src\Illuminate\Database\Console\Migrations\MigrateCommand.php(70): Illuminate\Database\Migrations\Migrator->run('C:\Users\Bart\D...', false)
#14 C:\Users\Bart\Documents\NetBeansProjects\IPRO_manager\vendor\laravel\framework\src\Illuminate\Console\Command.php(112): Illuminate\Database\Console\Migrations\MigrateCommand->fire()
#15 C:\Users\Bart\Documents\NetBeansProjects\IPRO_manager\vendor\symfony\console\Symfony\Component\Console\Command\Command.php(252): Illuminate\Console\Command->execute(Object(Symfony\Component\Console\Input\ArgvInput), Object(Symfony\Component\Console\Output\ConsoleOutput))
#16 C:\Users\Bart\Documents\NetBeansProjects\IPRO_manager\vendor\laravel\framework\src\Illuminate\Console\Command.php(100): Symfony\Component\Console\Command\Command->run(Object(Symfony\Component\Console\Input\ArgvInput), Object(Symfony\Component\Console\Output\ConsoleOutput))
#17 C:\Users\Bart\Documents\NetBeansProjects\IPRO_manager\vendor\symfony\console\Symfony\Component\Console\Application.php(889): Illuminate\Console\Command->run(Object(Symfony\Component\Console\Input\ArgvInput), Object(Symfony\Component\Console\Output\ConsoleOutput))
#18 C:\Users\Bart\Documents\NetBeansProjects\IPRO_manager\vendor\symfony\console\Symfony\Component\Console\Application.php(193): Symfony\Component\Console\Application->doRunCommand(Object(Illuminate\Database\Console\Migrations\MigrateCommand), Object(Symfony\Component\Console\Input\ArgvInput), Object(Symfony\Component\Console\Output\ConsoleOutput))
#19 C:\Users\Bart\Documents\NetBeansProjects\IPRO_manager\vendor\symfony\console\Symfony\Component\Console\Application.php(124): Symfony\Component\Console\Application->doRun(Object(Symfony\Component\Console\Input\ArgvInput), Object(Symfony\Component\Console\Output\ConsoleOutput))
#20 C:\Users\Bart\Documents\NetBeansProjects\IPRO_manager\artisan(59): Symfony\Component\Console\Application->run()
#21 {main}

Next exception 'Illuminate\Database\QueryException' with message 'SQLSTATE[42S01]: Base table or view already exists: 1050 Table 'registration' already exists (SQL: create table `registration` (`id` int unsigned not null auto_increment primary key, `iproday` int unsigned not null, `registrant` int unsigned not null, `tyoe` enum('Judge', 'Guest') not null, `judgedBefore` tinyint(1) not null, `trackPreferences` text not null, `dietaryRestrictions` text not null, `created_at` timestamp default 0 not null, `updated_at` timestamp default 0 not null) default character set utf8 collate utf8_unicode_ci)' in C:\Users\Bart\Documents\NetBeansProjects\IPRO_manager\vendor\laravel\framework\src\Illuminate\Database\Connection.php:600
Stack trace:
#0 C:\Users\Bart\Documents\NetBeansProjects\IPRO_manager\vendor\laravel\framework\src\Illuminate\Database\Connection.php(556): Illuminate\Database\Connection->runQueryCallback('create table `r...', Array, Object(Closure))
#1 C:\Users\Bart\Documents\NetBeansProjects\IPRO_manager\vendor\laravel\framework\src\Illuminate\Database\Connection.php(345): Illuminate\Database\Connection->run('create table `r...', Array, Object(Closure))
#2 C:\Users\Bart\Documents\NetBeansProjects\IPRO_manager\vendor\laravel\framework\src\Illuminate\Database\Schema\Blueprint.php(63): Illuminate\Database\Connection->statement('create table `r...')
#3 C:\Users\Bart\Documents\NetBeansProjects\IPRO_manager\vendor\laravel\framework\src\Illuminate\Database\Schema\Builder.php(169): Illuminate\Database\Schema\Blueprint->build(Object(Illuminate\Database\MySqlConnection), Object(Illuminate\Database\Schema\Grammars\MySqlGrammar))
#4 C:\Users\Bart\Documents\NetBeansProjects\IPRO_manager\vendor\laravel\framework\src\Illuminate\Database\Schema\Builder.php(112): Illuminate\Database\Schema\Builder->build(Object(Illuminate\Database\Schema\Blueprint))
#5 C:\Users\Bart\Documents\NetBeansProjects\IPRO_manager\vendor\laravel\framework\src\Illuminate\Support\Facades\Facade.php(211): Illuminate\Database\Schema\Builder->create('registration', Object(Closure))
#6 C:\Users\Bart\Documents\NetBeansProjects\IPRO_manager\app\database\migrations\2014_10_09_123417_create_registration_tbl.php(27): Illuminate\Support\Facades\Facade::__callStatic('create', Array)
#7 C:\Users\Bart\Documents\NetBeansProjects\IPRO_manager\app\database\migrations\2014_10_09_123417_create_registration_tbl.php(27): Illuminate\Support\Facades\Schema::create('registration', Object(Closure))
#8 C:\Users\Bart\Documents\NetBeansProjects\IPRO_manager\vendor\laravel\framework\src\Illuminate\Database\Migrations\Migrator.php(133): CreateRegistrationTbl->up()
#9 C:\Users\Bart\Documents\NetBeansProjects\IPRO_manager\vendor\laravel\framework\src\Illuminate\Database\Migrations\Migrator.php(109): Illuminate\Database\Migrations\Migrator->runUp('2014_10_09_1234...', 7, false)
#10 C:\Users\Bart\Documents\NetBeansProjects\IPRO_manager\vendor\laravel\framework\src\Illuminate\Database\Migrations\Migrator.php(80): Illuminate\Database\Migrations\Migrator->runMigrationList(Array, false)
#11 C:\Users\Bart\Documents\NetBeansProjects\IPRO_manager\vendor\laravel\framework\src\Illuminate\Database\Console\Migrations\MigrateCommand.php(70): Illuminate\Database\Migrations\Migrator->run('C:\Users\Bart\D...', false)
#12 C:\Users\Bart\Documents\NetBeansProjects\IPRO_manager\vendor\laravel\framework\src\Illuminate\Console\Command.php(112): Illuminate\Database\Console\Migrations\MigrateCommand->fire()
#13 C:\Users\Bart\Documents\NetBeansProjects\IPRO_manager\vendor\symfony\console\Symfony\Component\Console\Command\Command.php(252): Illuminate\Console\Command->execute(Object(Symfony\Component\Console\Input\ArgvInput), Object(Symfony\Component\Console\Output\ConsoleOutput))
#14 C:\Users\Bart\Documents\NetBeansProjects\IPRO_manager\vendor\laravel\framework\src\Illuminate\Console\Command.php(100): Symfony\Component\Console\Command\Command->run(Object(Symfony\Component\Console\Input\ArgvInput), Object(Symfony\Component\Console\Output\ConsoleOutput))
#15 C:\Users\Bart\Documents\NetBeansProjects\IPRO_manager\vendor\symfony\console\Symfony\Component\Console\Application.php(889): Illuminate\Console\Command->run(Object(Symfony\Component\Console\Input\ArgvInput), Object(Symfony\Component\Console\Output\ConsoleOutput))
#16 C:\Users\Bart\Documents\NetBeansProjects\IPRO_manager\vendor\symfony\console\Symfony\Component\Console\Application.php(193): Symfony\Component\Console\Application->doRunCommand(Object(Illuminate\Database\Console\Migrations\MigrateCommand), Object(Symfony\Component\Console\Input\ArgvInput), Object(Symfony\Component\Console\Output\ConsoleOutput))
#17 C:\Users\Bart\Documents\NetBeansProjects\IPRO_manager\vendor\symfony\console\Symfony\Component\Console\Application.php(124): Symfony\Component\Console\Application->doRun(Object(Symfony\Component\Console\Input\ArgvInput), Object(Symfony\Component\Console\Output\ConsoleOutput))
#18 C:\Users\Bart\Documents\NetBeansProjects\IPRO_manager\artisan(59): Symfony\Component\Console\Application->run()
#19 {main} [] []
[2014-10-09 12:57:19] local.ERROR: exception 'PDOException' with message 'SQLSTATE[HY000]: General error: 1005 Can't create table 'ipromanager.#sql-a98_a8' (errno: 150)' in C:\Users\Bart\Documents\NetBeansProjects\IPRO_manager\vendor\laravel\framework\src\Illuminate\Database\Connection.php:344
Stack trace:
#0 C:\Users\Bart\Documents\NetBeansProjects\IPRO_manager\vendor\laravel\framework\src\Illuminate\Database\Connection.php(344): PDOStatement->execute(Array)
#1 C:\Users\Bart\Documents\NetBeansProjects\IPRO_manager\vendor\laravel\framework\src\Illuminate\Database\Connection.php(592): Illuminate\Database\Connection->Illuminate\Database\{closure}(Object(Illuminate\Database\MySqlConnection), 'alter table `re...', Array)
#2 C:\Users\Bart\Documents\NetBeansProjects\IPRO_manager\vendor\laravel\framework\src\Illuminate\Database\Connection.php(556): Illuminate\Database\Connection->runQueryCallback('alter table `re...', Array, Object(Closure))
#3 C:\Users\Bart\Documents\NetBeansProjects\IPRO_manager\vendor\laravel\framework\src\Illuminate\Database\Connection.php(345): Illuminate\Database\Connection->run('alter table `re...', Array, Object(Closure))
#4 C:\Users\Bart\Documents\NetBeansProjects\IPRO_manager\vendor\laravel\framework\src\Illuminate\Database\Schema\Blueprint.php(63): Illuminate\Database\Connection->statement('alter table `re...')
#5 C:\Users\Bart\Documents\NetBeansProjects\IPRO_manager\vendor\laravel\framework\src\Illuminate\Database\Schema\Builder.php(169): Illuminate\Database\Schema\Blueprint->build(Object(Illuminate\Database\MySqlConnection), Object(Illuminate\Database\Schema\Grammars\MySqlGrammar))
#6 C:\Users\Bart\Documents\NetBeansProjects\IPRO_manager\vendor\laravel\framework\src\Illuminate\Database\Schema\Builder.php(112): Illuminate\Database\Schema\Builder->build(Object(Illuminate\Database\Schema\Blueprint))
#7 C:\Users\Bart\Documents\NetBeansProjects\IPRO_manager\vendor\laravel\framework\src\Illuminate\Support\Facades\Facade.php(211): Illuminate\Database\Schema\Builder->create('registration', Object(Closure))
#8 C:\Users\Bart\Documents\NetBeansProjects\IPRO_manager\app\database\migrations\2014_10_09_123417_create_registration_tbl.php(27): Illuminate\Support\Facades\Facade::__callStatic('create', Array)
#9 C:\Users\Bart\Documents\NetBeansProjects\IPRO_manager\app\database\migrations\2014_10_09_123417_create_registration_tbl.php(27): Illuminate\Support\Facades\Schema::create('registration', Object(Closure))
#10 C:\Users\Bart\Documents\NetBeansProjects\IPRO_manager\vendor\laravel\framework\src\Illuminate\Database\Migrations\Migrator.php(133): CreateRegistrationTbl->up()
#11 C:\Users\Bart\Documents\NetBeansProjects\IPRO_manager\vendor\laravel\framework\src\Illuminate\Database\Migrations\Migrator.php(109): Illuminate\Database\Migrations\Migrator->runUp('2014_10_09_1234...', 7, false)
#12 C:\Users\Bart\Documents\NetBeansProjects\IPRO_manager\vendor\laravel\framework\src\Illuminate\Database\Migrations\Migrator.php(80): Illuminate\Database\Migrations\Migrator->runMigrationList(Array, false)
#13 C:\Users\Bart\Documents\NetBeansProjects\IPRO_manager\vendor\laravel\framework\src\Illuminate\Database\Console\Migrations\MigrateCommand.php(70): Illuminate\Database\Migrations\Migrator->run('C:\Users\Bart\D...', false)
#14 C:\Users\Bart\Documents\NetBeansProjects\IPRO_manager\vendor\laravel\framework\src\Illuminate\Console\Command.php(112): Illuminate\Database\Console\Migrations\MigrateCommand->fire()
#15 C:\Users\Bart\Documents\NetBeansProjects\IPRO_manager\vendor\symfony\console\Symfony\Component\Console\Command\Command.php(252): Illuminate\Console\Command->execute(Object(Symfony\Component\Console\Input\ArgvInput), Object(Symfony\Component\Console\Output\ConsoleOutput))
#16 C:\Users\Bart\Documents\NetBeansProjects\IPRO_manager\vendor\laravel\framework\src\Illuminate\Console\Command.php(100): Symfony\Component\Console\Command\Command->run(Object(Symfony\Component\Console\Input\ArgvInput), Object(Symfony\Component\Console\Output\ConsoleOutput))
#17 C:\Users\Bart\Documents\NetBeansProjects\IPRO_manager\vendor\symfony\console\Symfony\Component\Console\Application.php(889): Illuminate\Console\Command->run(Object(Symfony\Component\Console\Input\ArgvInput), Object(Symfony\Component\Console\Output\ConsoleOutput))
#18 C:\Users\Bart\Documents\NetBeansProjects\IPRO_manager\vendor\symfony\console\Symfony\Component\Console\Application.php(193): Symfony\Component\Console\Application->doRunCommand(Object(Illuminate\Database\Console\Migrations\MigrateCommand), Object(Symfony\Component\Console\Input\ArgvInput), Object(Symfony\Component\Console\Output\ConsoleOutput))
#19 C:\Users\Bart\Documents\NetBeansProjects\IPRO_manager\vendor\symfony\console\Symfony\Component\Console\Application.php(124): Symfony\Component\Console\Application->doRun(Object(Symfony\Component\Console\Input\ArgvInput), Object(Symfony\Component\Console\Output\ConsoleOutput))
#20 C:\Users\Bart\Documents\NetBeansProjects\IPRO_manager\artisan(59): Symfony\Component\Console\Application->run()
#21 {main}

Next exception 'Illuminate\Database\QueryException' with message 'SQLSTATE[HY000]: General error: 1005 Can't create table 'ipromanager.#sql-a98_a8' (errno: 150) (SQL: alter table `registration` add constraint registration_registrant_foreign foreign key (`registrant`) references `registants` (`id`))' in C:\Users\Bart\Documents\NetBeansProjects\IPRO_manager\vendor\laravel\framework\src\Illuminate\Database\Connection.php:600
Stack trace:
#0 C:\Users\Bart\Documents\NetBeansProjects\IPRO_manager\vendor\laravel\framework\src\Illuminate\Database\Connection.php(556): Illuminate\Database\Connection->runQueryCallback('alter table `re...', Array, Object(Closure))
#1 C:\Users\Bart\Documents\NetBeansProjects\IPRO_manager\vendor\laravel\framework\src\Illuminate\Database\Connection.php(345): Illuminate\Database\Connection->run('alter table `re...', Array, Object(Closure))
#2 C:\Users\Bart\Documents\NetBeansProjects\IPRO_manager\vendor\laravel\framework\src\Illuminate\Database\Schema\Blueprint.php(63): Illuminate\Database\Connection->statement('alter table `re...')
#3 C:\Users\Bart\Documents\NetBeansProjects\IPRO_manager\vendor\laravel\framework\src\Illuminate\Database\Schema\Builder.php(169): Illuminate\Database\Schema\Blueprint->build(Object(Illuminate\Database\MySqlConnection), Object(Illuminate\Database\Schema\Grammars\MySqlGrammar))
#4 C:\Users\Bart\Documents\NetBeansProjects\IPRO_manager\vendor\laravel\framework\src\Illuminate\Database\Schema\Builder.php(112): Illuminate\Database\Schema\Builder->build(Object(Illuminate\Database\Schema\Blueprint))
#5 C:\Users\Bart\Documents\NetBeansProjects\IPRO_manager\vendor\laravel\framework\src\Illuminate\Support\Facades\Facade.php(211): Illuminate\Database\Schema\Builder->create('registration', Object(Closure))
#6 C:\Users\Bart\Documents\NetBeansProjects\IPRO_manager\app\database\migrations\2014_10_09_123417_create_registration_tbl.php(27): Illuminate\Support\Facades\Facade::__callStatic('create', Array)
#7 C:\Users\Bart\Documents\NetBeansProjects\IPRO_manager\app\database\migrations\2014_10_09_123417_create_registration_tbl.php(27): Illuminate\Support\Facades\Schema::create('registration', Object(Closure))
#8 C:\Users\Bart\Documents\NetBeansProjects\IPRO_manager\vendor\laravel\framework\src\Illuminate\Database\Migrations\Migrator.php(133): CreateRegistrationTbl->up()
#9 C:\Users\Bart\Documents\NetBeansProjects\IPRO_manager\vendor\laravel\framework\src\Illuminate\Database\Migrations\Migrator.php(109): Illuminate\Database\Migrations\Migrator->runUp('2014_10_09_1234...', 7, false)
#10 C:\Users\Bart\Documents\NetBeansProjects\IPRO_manager\vendor\laravel\framework\src\Illuminate\Database\Migrations\Migrator.php(80): Illuminate\Database\Migrations\Migrator->runMigrationList(Array, false)
#11 C:\Users\Bart\Documents\NetBeansProjects\IPRO_manager\vendor\laravel\framework\src\Illuminate\Database\Console\Migrations\MigrateCommand.php(70): Illuminate\Database\Migrations\Migrator->run('C:\Users\Bart\D...', false)
#12 C:\Users\Bart\Documents\NetBeansProjects\IPRO_manager\vendor\laravel\framework\src\Illuminate\Console\Command.php(112): Illuminate\Database\Console\Migrations\MigrateCommand->fire()
#13 C:\Users\Bart\Documents\NetBeansProjects\IPRO_manager\vendor\symfony\console\Symfony\Component\Console\Command\Command.php(252): Illuminate\Console\Command->execute(Object(Symfony\Component\Console\Input\ArgvInput), Object(Symfony\Component\Console\Output\ConsoleOutput))
#14 C:\Users\Bart\Documents\NetBeansProjects\IPRO_manager\vendor\laravel\framework\src\Illuminate\Console\Command.php(100): Symfony\Component\Console\Command\Command->run(Object(Symfony\Component\Console\Input\ArgvInput), Object(Symfony\Component\Console\Output\ConsoleOutput))
#15 C:\Users\Bart\Documents\NetBeansProjects\IPRO_manager\vendor\symfony\console\Symfony\Component\Console\Application.php(889): Illuminate\Console\Command->run(Object(Symfony\Component\Console\Input\ArgvInput), Object(Symfony\Component\Console\Output\ConsoleOutput))
#16 C:\Users\Bart\Documents\NetBeansProjects\IPRO_manager\vendor\symfony\console\Symfony\Component\Console\Application.php(193): Symfony\Component\Console\Application->doRunCommand(Object(Illuminate\Database\Console\Migrations\MigrateCommand), Object(Symfony\Component\Console\Input\ArgvInput), Object(Symfony\Component\Console\Output\ConsoleOutput))
#17 C:\Users\Bart\Documents\NetBeansProjects\IPRO_manager\vendor\symfony\console\Symfony\Component\Console\Application.php(124): Symfony\Component\Console\Application->doRun(Object(Symfony\Component\Console\Input\ArgvInput), Object(Symfony\Component\Console\Output\ConsoleOutput))
#18 C:\Users\Bart\Documents\NetBeansProjects\IPRO_manager\artisan(59): Symfony\Component\Console\Application->run()
#19 {main} [] []
